<?xml version="1.0" encoding="UTF-8"?>
<testsuite name="As a user i should be able to search for given word in wikipedia and same time i can view result in different language" tests="2" skipped="0" failures="0" errors="0" timestamp="2019-11-14T18:17:46" hostname="Jyothis-Air" time="25.498">
  <properties/>
  <testcase name="Search for given word in Wikipedia" classname="As a user i should be able to search for given word in wikipedia and same time i can view result in different language" time="16.758"/>
  <testcase name="Search for given word in Wikipedia" classname="As a user i should be able to search for given word in wikipedia and same time i can view result in different language" time="8.609"/>
  <system-out><![CDATA[18:17:46.712 [Test worker] INFO  n.t.c.steps.ConsoleLoggingListener - 
 _____ _____ ____ _____   ____ _____  _    ____ _____ _____ ____  
|_   _| ____/ ___|_   _| / ___|_   _|/ \  |  _ \_   _| ____|  _ \ 
  | | |  _| \___ \ | |   \___ \ | | / _ \ | |_) || | |  _| | | | |
  | | | |___ ___) || |    ___) || |/ ___ \|  _ < | | | |___| |_| |
  |_| |_____|____/ |_|   |____/ |_/_/   \_\_| \_\|_| |_____|____/ 
                                                                  

TEST STARTED: Search for given word in Wikipedia
-------------------------------------------------------------------(as-a-user-i-should-be-able-to-search-for-given-word-in-wikipedia-and-same-time-i-can-view-result-in-different-language;search-for-given-word-in-wikipedia)
18:17:46.718 [Test worker] INFO  n.t.c.steps.ConsoleLoggingListener - STARTING STEP Example: {Given_word=Apple, Other_language=Welsh (Cymraeg), Give_word_in_other_language=Afal}
18:17:46.720 [Test worker] INFO  n.t.c.steps.ConsoleLoggingListener - STARTING STEP Given the user navigated to wikipedia
18:17:46.768 [Test worker] INFO  n.t.c.steps.ConsoleLoggingListener - STARTING STEP the user browsed Wikipedia.org page
18:17:47.734 [Test worker] INFO  n.s.c.w.d.ProvideNewDriver - Instantiating driver
18:17:47.734 [Test worker] INFO  n.s.c.w.d.ProvideNewDriver - Driver capabilities: Capabilities {acceptInsecureCerts: false, browserName: chrome, chrome.switches: --start-maximized;--test-ty..., goog:chromeOptions: {args: [--start-maximized, --test-type, --no-sandbox, --ignore-certificate-errors;\n, --disable-popup-blocking, --disable-default-apps, --disable-extensions-file-a..., --incognito, --disable-infobars, --disable-gpu], extensions: []}, loggingPrefs: org.openqa.selenium.logging..., platform: ANY, version: }
18:17:58.061 [Test worker] INFO  n.t.c.steps.ConsoleLoggingListener - FINISHING STEP
18:17:58.086 [Test worker] INFO  n.t.c.steps.ConsoleLoggingListener - FINISHING STEP
18:17:58.100 [Test worker] INFO  n.t.c.steps.ConsoleLoggingListener - STARTING STEP When the user search for a 'Apple' in english
18:17:58.397 [Test worker] INFO  n.t.c.steps.ConsoleLoggingListener - STARTING STEP the user validated default language as EN} 
18:17:58.744 [Test worker] INFO  n.t.c.steps.ConsoleLoggingListener - FINISHING STEP
18:17:58.753 [Test worker] INFO  n.t.c.steps.ConsoleLoggingListener - STARTING STEP the user search for a given word = Apple 
18:18:01.132 [Test worker] INFO  n.t.c.steps.ConsoleLoggingListener - FINISHING STEP
18:18:01.143 [Test worker] INFO  n.t.c.steps.ConsoleLoggingListener - FINISHING STEP
18:18:01.153 [Test worker] INFO  n.t.c.steps.ConsoleLoggingListener - STARTING STEP Then the user validate 'Apple' in search result
18:18:01.162 [Test worker] INFO  n.t.c.steps.ConsoleLoggingListener - STARTING STEP the user validated first heading has Apple 
18:18:01.583 [Test worker] INFO  n.t.c.steps.ConsoleLoggingListener - FINISHING STEP
18:18:01.598 [Test worker] INFO  n.t.c.steps.ConsoleLoggingListener - FINISHING STEP
18:18:02.000 [Test worker] INFO  n.t.c.steps.ConsoleLoggingListener - STARTING STEP And the user change to 'Welsh (Cymraeg)' and validate 'Afal'
18:18:02.009 [Test worker] INFO  n.t.c.steps.ConsoleLoggingListener - STARTING STEP the user change the language to Welsh (Cymraeg) 
18:18:03.074 [Test worker] INFO  n.t.c.steps.ConsoleLoggingListener - FINISHING STEP
18:18:03.083 [Test worker] INFO  n.t.c.steps.ConsoleLoggingListener - STARTING STEP the user validated first heading has Afal 
18:18:03.456 [Test worker] INFO  n.t.c.steps.ConsoleLoggingListener - FINISHING STEP
18:18:03.463 [Test worker] INFO  n.t.c.steps.ConsoleLoggingListener - FINISHING STEP
18:18:03.604 [Test worker] INFO  n.t.c.steps.ConsoleLoggingListener - STARTING STEP Example: {Given_word=Rose, Other_language=Welsh (Cymraeg), Give_word_in_other_language=Rhosyn}
18:18:03.607 [Test worker] INFO  n.t.c.steps.ConsoleLoggingListener - STARTING STEP Given the user navigated to wikipedia
18:18:03.674 [Test worker] INFO  n.t.c.steps.ConsoleLoggingListener - STARTING STEP the user browsed Wikipedia.org page
18:18:04.177 [Test worker] INFO  n.s.c.w.d.ProvideNewDriver - Instantiating driver
18:18:04.183 [Test worker] INFO  n.s.c.w.d.ProvideNewDriver - Driver capabilities: Capabilities {acceptInsecureCerts: false, browserName: chrome, chrome.switches: --start-maximized;--test-ty..., goog:chromeOptions: {args: [--start-maximized, --test-type, --no-sandbox, --ignore-certificate-errors;\n, --disable-popup-blocking, --disable-default-apps, --disable-extensions-file-a..., --incognito, --disable-infobars, --disable-gpu], extensions: []}, loggingPrefs: org.openqa.selenium.logging..., platform: ANY, version: }
18:18:07.383 [Test worker] INFO  n.t.c.steps.ConsoleLoggingListener - FINISHING STEP
18:18:07.392 [Test worker] INFO  n.t.c.steps.ConsoleLoggingListener - FINISHING STEP
18:18:07.400 [Test worker] INFO  n.t.c.steps.ConsoleLoggingListener - STARTING STEP When the user search for a 'Rose' in english
18:18:07.410 [Test worker] INFO  n.t.c.steps.ConsoleLoggingListener - STARTING STEP the user validated default language as EN} 
18:18:07.757 [Test worker] INFO  n.t.c.steps.ConsoleLoggingListener - FINISHING STEP
18:18:07.771 [Test worker] INFO  n.t.c.steps.ConsoleLoggingListener - STARTING STEP the user search for a given word = Rose 
18:18:09.781 [Test worker] INFO  n.t.c.steps.ConsoleLoggingListener - FINISHING STEP
18:18:09.790 [Test worker] INFO  n.t.c.steps.ConsoleLoggingListener - FINISHING STEP
18:18:09.799 [Test worker] INFO  n.t.c.steps.ConsoleLoggingListener - STARTING STEP Then the user validate 'Rose' in search result
18:18:09.808 [Test worker] INFO  n.t.c.steps.ConsoleLoggingListener - STARTING STEP the user validated first heading has Rose 
18:18:10.180 [Test worker] INFO  n.t.c.steps.ConsoleLoggingListener - FINISHING STEP
18:18:10.187 [Test worker] INFO  n.t.c.steps.ConsoleLoggingListener - FINISHING STEP
18:18:10.194 [Test worker] INFO  n.t.c.steps.ConsoleLoggingListener - STARTING STEP And the user change to 'Welsh (Cymraeg)' and validate 'Rhosyn'
18:18:10.203 [Test worker] INFO  n.t.c.steps.ConsoleLoggingListener - STARTING STEP the user change the language to Welsh (Cymraeg) 
18:18:11.803 [Test worker] INFO  n.t.c.steps.ConsoleLoggingListener - FINISHING STEP
18:18:11.818 [Test worker] INFO  n.t.c.steps.ConsoleLoggingListener - STARTING STEP the user validated first heading has Rhosyn 
18:18:12.193 [Test worker] INFO  n.t.c.steps.ConsoleLoggingListener - FINISHING STEP
18:18:12.204 [Test worker] INFO  n.t.c.steps.ConsoleLoggingListener - FINISHING STEP
]]></system-out>
  <system-err><![CDATA[Nov 14, 2019 6:17:46 PM org.openqa.selenium.remote.DesiredCapabilities chrome
INFO: Using `new ChromeOptions()` is preferred to `DesiredCapabilities.chrome()`
Starting ChromeDriver 78.0.3904.70 (edb9c9f3de0247fd912a77b7f6cae7447f6d3ad5-refs/branch-heads/3904@{#800}) on port 23219
Only local connections are allowed.
Please protect ports used by ChromeDriver and related test frameworks to prevent access by malicious code.
Nov 14, 2019 6:17:54 PM org.openqa.selenium.remote.ProtocolHandshake createSession
INFO: Detected dialect: W3C
Nov 14, 2019 6:18:03 PM org.openqa.selenium.remote.DesiredCapabilities chrome
INFO: Using `new ChromeOptions()` is preferred to `DesiredCapabilities.chrome()`
Starting ChromeDriver 78.0.3904.70 (edb9c9f3de0247fd912a77b7f6cae7447f6d3ad5-refs/branch-heads/3904@{#800}) on port 4310
Only local connections are allowed.
Please protect ports used by ChromeDriver and related test frameworks to prevent access by malicious code.
Nov 14, 2019 6:18:05 PM org.openqa.selenium.remote.ProtocolHandshake createSession
INFO: Detected dialect: W3C
]]></system-err>
</testsuite>
